%Y-%45-%4 %6:%9:%S: 
%Y-%45-%4 %6:%9:%S: > client@0.1.0 start /home/ubuntu/renteverything/client
%Y-%45-%4 %6:%9:%S: > npm run build && next start
%Y-%45-%4 %6:%9:%S: 
%Y-%45-%4 %6:%9:%S: 
%Y-%45-%4 %6:%9:%S: > client@0.1.0 build /home/ubuntu/renteverything/client
%Y-%45-%4 %6:%9:%S: > rimraf build && next build
%Y-%45-%4 %6:%9:%S: 
%Y-%45-%4 %6:%9:%S: info  - Using webpack 5. Reason: Enabled by default https://nextjs.org/docs/messages/webpack5
%Y-%45-%4 %6:%9:%S: info  - Checking validity of types...
%Y-%45-%4 %6:%9:%S: info  - Creating an optimized production build...
%Y-%45-%4 %6:%9:%S: info  - Compiled successfully
%Y-%45-%4 %6:%9:%S: info  - Collecting page data...
%Y-%45-%4 %6:%9:%S: info  - Generating static pages (0/5)
%Y-%45-%4 %6:%9:%S: connected:  http://localhost:5000/graphql
%Y-%45-%4 %6:%9:%S: info  - Generating static pages (1/5)
%Y-%45-%4 %6:%9:%S: connected:  http://localhost:5000/graphql
%Y-%45-%4 %6:%9:%S: info  - Generating static pages (2/5)
%Y-%45-%4 %6:%9:%S: connected:  http://localhost:5000/graphql
%Y-%45-%4 %6:%9:%S: info  - Generating static pages (3/5)
%Y-%45-%4 %6:%9:%S: connected:  http://localhost:5000/graphql
%Y-%45-%4 %6:%9:%S: connected:  http://localhost:5000/graphql
%Y-%45-%4 %6:%9:%S: info  - Generating static pages (5/5)
%Y-%45-%4 %6:%9:%S: info  - Finalizing page optimization...
%Y-%45-%4 %6:%9:%S: 
%Y-%45-%4 %6:%9:%S: Page                              Size     First Load JS
%Y-%45-%4 %6:%9:%S: ┌ ○ /                             558 B           128 kB
%Y-%45-%4 %6:%9:%S: ├   /_app                         0 B             127 kB
%Y-%45-%4 %6:%9:%S: ├ ○ /404                          194 B           127 kB
%Y-%45-%4 %6:%9:%S: ├ ○ /login                        805 B           128 kB
%Y-%45-%4 %6:%9:%S: └ ○ /register                     265 B           127 kB
%Y-%45-%4 %6:%9:%S: + First Load JS shared by all     127 kB
%Y-%45-%4 %6:%9:%S:   ├ chunks/framework.895f06.js    42 kB
%Y-%45-%4 %6:%9:%S:   ├ chunks/main.62b8ca.js         23.3 kB
%Y-%45-%4 %6:%9:%S:   ├ chunks/pages/_app.764905.js   60.8 kB
%Y-%45-%4 %6:%9:%S:   ├ chunks/webpack.0e3c27.js      883 B
%Y-%45-%4 %6:%9:%S:   └ css/120f2e2270820d49a21f.css  209 B
%Y-%45-%4 %6:%9:%S: 
%Y-%45-%4 %6:%9:%S: λ  (Server)  server-side renders at runtime (uses getInitialProps or getServerSideProps)
%Y-%45-%4 %6:%9:%S: ○  (Static)  automatically rendered as static HTML (uses no initial props)
%Y-%45-%4 %6:%9:%S: ●  (SSG)     automatically generated as static HTML + JSON (uses getStaticProps)
%Y-%45-%4 %6:%9:%S:    (ISR)     incremental static regeneration (uses revalidate in getStaticProps)
%Y-%45-%4 %6:%9:%S: 
%Y-%46-%4 %6:%9:%S: ready - started server on 0.0.0.0:3000, url: http://localhost:3000
